[debug] [2021-06-14T22:08:42.377Z] ----------------------------------------------------------------------
[debug] [2021-06-14T22:08:42.380Z] Command:       /home/jackpordi/.nvm/versions/node/v14.15.3/bin/node /home/jackpordi/.nvm/versions/node/v14.15.3/bin/firebase init hosting:github
[debug] [2021-06-14T22:08:42.380Z] CLI Version:   9.4.0
[debug] [2021-06-14T22:08:42.380Z] Platform:      linux
[debug] [2021-06-14T22:08:42.380Z] Node Version:  v14.15.3
[debug] [2021-06-14T22:08:42.381Z] Time:          Mon Jun 14 2021 23:08:42 GMT+0100 (British Summer Time)
[debug] [2021-06-14T22:08:42.381Z] ----------------------------------------------------------------------
[debug] [2021-06-14T22:08:42.381Z] 
[debug] [2021-06-14T22:08:42.384Z] > command requires scopes: ["email","openid","https://www.googleapis.com/auth/cloudplatformprojects.readonly","https://www.googleapis.com/auth/firebase","https://www.googleapis.com/auth/cloud-platform"]
[debug] [2021-06-14T22:08:42.385Z] > authorizing via signed-in user
[info] 
     ######## #### ########  ######## ########     ###     ######  ########
     ##        ##  ##     ## ##       ##     ##  ##   ##  ##       ##
     ######    ##  ########  ######   ########  #########  ######  ######
     ##        ##  ##    ##  ##       ##     ## ##     ##       ## ##
     ##       #### ##     ## ######## ########  ##     ##  ######  ########

You're about to initialize a Firebase project in this directory:

  /home/jackpordi/Git/adelina-personal-website

Before we get started, keep in mind:

  * You are initializing in an existing Firebase project directory

[info] 
=== Project Setup
[info] 
[info] First, let's associate this project directory with a Firebase project.
[info] You can create multiple project aliases by running firebase use --add, 
[info] but for now we'll just set up a default project.
[info] 
[info] i  .firebaserc already has a default project, using personal-website-7c2c1. 
[debug] [2021-06-14T22:08:42.393Z] > refreshing access token with scopes: []
[debug] [2021-06-14T22:08:42.394Z] >>> HTTP REQUEST POST https://www.googleapis.com/oauth2/v3/token  
 <request body omitted>
[debug] [2021-06-14T22:08:42.490Z] <<< HTTP RESPONSE 200 {"expires":"Mon, 01 Jan 1990 00:00:00 GMT","cache-control":"no-cache, no-store, max-age=0, must-revalidate","pragma":"no-cache","date":"Mon, 14 Jun 2021 22:08:42 GMT","content-type":"application/json; charset=utf-8","vary":"X-Origin, Referer, Origin,Accept-Encoding","server":"scaffolding on HTTPServer2","x-xss-protection":"0","x-frame-options":"SAMEORIGIN","x-content-type-options":"nosniff","alt-svc":"h3=\":443\"; ma=2592000,h3-29=\":443\"; ma=2592000,h3-T051=\":443\"; ma=2592000,h3-Q050=\":443\"; ma=2592000,h3-Q046=\":443\"; ma=2592000,h3-Q043=\":443\"; ma=2592000,quic=\":443\"; ma=2592000; v=\"46,43\"","accept-ranges":"none","transfer-encoding":"chunked"}
[debug] [2021-06-14T22:08:42.502Z] >>> [apiv2][query] GET https://firebase.googleapis.com/v1beta1/projects/personal-website-7c2c1 [none]
[debug] [2021-06-14T22:08:42.659Z] <<< [apiv2][status] GET https://firebase.googleapis.com/v1beta1/projects/personal-website-7c2c1 200
[debug] [2021-06-14T22:08:42.660Z] <<< [apiv2][body] GET https://firebase.googleapis.com/v1beta1/projects/personal-website-7c2c1 {"projectId":"personal-website-7c2c1","projectNumber":"487534191642","displayName":"Personal Website","name":"projects/personal-website-7c2c1","resources":{"hostingSite":"personal-website-7c2c1"},"state":"ACTIVE"}
[info] 
=== Hosting:github Setup
[info] 
[info] i  Detected a .git folder at /home/jackpordi/Git/adelina-personal-website 
[info] i  Authorizing with GitHub to upload your service account to a GitHub repository's secrets store. 
[info] 
[info] Visit this URL on this device to log in:
[info] https://github.com/login/oauth/authorize?client_id=89cf50f02ac6aaed3484&state=565547858&redirect_uri=http%3A%2F%2Flocalhost%3A9005&scope=read%3Auser%20repo%20public_repo
[info] 
[info] Waiting for authentication...
